<?xml version="1.0" encoding="UTF-8"?>
<!-- Generated by org.testng.reporters.JUnitReportReporter -->
<testsuite skipped="0" hostname="rc00894" name="test_case.TestCases" tests="1" failures="0" timestamp="24 Nov 2016 11:21:21 GMT" time="49.468" errors="0">
  <testcase name="forgotPassword" time="49.468" classname="test_case.TestCases"/>
</testsuite> <!-- test_case.TestCases -->
